0 verbose cli C:\Program Files\nodejs\node.exe C:\Program Files\nodejs\node_modules\npm\bin\npm-cli.js
1 info using npm@11.5.2
2 info using node@v22.11.0
3 silly config load:file:C:\Users\Luis Trujillo Lopez\AppData\Roaming\nvm\v22.11.0\node_modules\npm\npmrc
4 silly config load:file:c:\Users\Luis Trujillo Lopez\Downloads\frontend-arual\.npmrc
5 silly config load:file:C:\Users\Luis Trujillo Lopez\.npmrc
6 silly config load:file:C:\Program Files\nodejs\etc\npmrc
7 verbose title npm view @testing-library/user-event description dist-tags.latest homepage version time
8 verbose argv "view" "--json" "--" "@testing-library/user-event" "description" "dist-tags.latest" "homepage" "version" "time"
9 verbose logfile logs-max:10 dir:c:\Users\Luis Trujillo Lopez\Downloads\frontend-arual\npm-cache\_logs\2025-10-09T19_56_13_466Z-
10 verbose logfile c:\Users\Luis Trujillo Lopez\Downloads\frontend-arual\npm-cache\_logs\2025-10-09T19_56_13_466Z-debug-0.log
11 silly logfile start cleaning logs, removing 1 files
12 silly logfile done cleaning log files
13 http fetch GET 200 https://registry.npmjs.org/@testing-library%2fuser-event 949ms (cache miss)
14 verbose cwd c:\Users\Luis Trujillo Lopez\Downloads\frontend-arual
15 verbose os Windows_NT 10.0.26100
16 verbose node v22.11.0
17 verbose npm  v11.5.2
18 verbose exit 0
19 info ok
20 error A complete log of this run can be found in: c:\Users\Luis Trujillo Lopez\Downloads\frontend-arual\npm-cache\_logs\2025-10-09T19_56_13_466Z-debug-0.log
