0 verbose cli C:\Program Files\nodejs\node.exe C:\Program Files\nodejs\node_modules\npm\bin\npm-cli.js
1 info using npm@10.9.0
2 info using node@v22.11.0
3 silly config load:file:C:\Users\Luis Trujillo Lopez\AppData\Roaming\nvm\v22.11.0\node_modules\npm\npmrc
4 silly config load:file:C:\Users\Luis Trujillo Lopez\Downloads\frontend-arual\.npmrc
5 silly config load:file:C:\Users\Luis Trujillo Lopez\.npmrc
6 silly config load:file:C:\Program Files\nodejs\etc\npmrc
7 verbose title npm start
8 verbose argv "start"
9 verbose logfile logs-max:10 dir:C:\Users\Luis Trujillo Lopez\Downloads\frontend-arual\npm-cache\_logs\2025-05-02T17_04_42_265Z-
10 verbose logfile C:\Users\Luis Trujillo Lopez\Downloads\frontend-arual\npm-cache\_logs\2025-05-02T17_04_42_265Z-debug-0.log
11 silly logfile done cleaning log files
12 verbose stack Error: kill EPERM
12 verbose stack     at ChildProcess.kill (node:internal/child_process:511:26)
12 verbose stack     at process.handleSignal (C:\Users\Luis Trujillo Lopez\AppData\Roaming\nvm\v22.11.0\node_modules\npm\node_modules\@npmcli\run-script\lib\signal-manager.js:14:10)
12 verbose stack     at process.emit (node:events:518:28)
13 verbose pkgid frontend@0.1.0
14 error code EPERM
15 error syscall kill
16 error path C:\Users\Luis Trujillo Lopez\Downloads\frontend-arual
17 error errno -4048
18 error Error: kill EPERM
18 error     at ChildProcess.kill (node:internal/child_process:511:26)
18 error     at process.handleSignal (C:\Users\Luis Trujillo Lopez\AppData\Roaming\nvm\v22.11.0\node_modules\npm\node_modules\@npmcli\run-script\lib\signal-manager.js:14:10)
18 error     at process.emit (node:events:518:28) {
18 error   errno: -4048,
18 error   code: 'EPERM',
18 error   syscall: 'kill',
18 error   cmd: 'C:\\Windows\\system32\\cmd.exe',
18 error   args: [ '/d', '/s', '/c', 'react-scripts start' ],
18 error   stdout: null,
18 error   stderr: null,
18 error   event: 'start',
18 error   script: 'react-scripts start',
18 error   pkgid: 'frontend@0.1.0',
18 error   path: 'C:\\Users\\Luis Trujillo Lopez\\Downloads\\frontend-arual'
18 error }
19 error
19 error The operation was rejected by your operating system.
19 error It's possible that the file was already in use (by a text editor or antivirus),
19 error or that you lack permissions to access it.
19 error
19 error If you believe this might be a permissions issue, please double-check the
19 error permissions of the file and its containing directories, or try running
19 error the command again as root/Administrator.
20 verbose cwd C:\Users\Luis Trujillo Lopez\Downloads\frontend-arual
21 verbose os Windows_NT 10.0.26100
22 verbose node v22.11.0
23 verbose npm  v10.9.0
24 verbose exit -4048
25 verbose code -4048
26 error A complete log of this run can be found in: C:\Users\Luis Trujillo Lopez\Downloads\frontend-arual\npm-cache\_logs\2025-05-02T17_04_42_265Z-debug-0.log
