0 verbose cli C:\Program Files\nodejs\node.exe C:\Program Files\nodejs\node_modules\npm\bin\npm-cli.js
1 info using npm@11.5.2
2 info using node@v22.11.0
3 silly config load:file:C:\Users\Luis Trujillo Lopez\AppData\Roaming\nvm\v22.11.0\node_modules\npm\npmrc
4 silly config load:file:C:\Users\Luis Trujillo Lopez\Downloads\frontend-arual\.npmrc
5 silly config load:file:C:\Users\Luis Trujillo Lopez\.npmrc
6 silly config load:file:C:\Program Files\nodejs\etc\npmrc
7 verbose title npm start
8 verbose argv "start"
9 verbose logfile logs-max:10 dir:C:\Users\Luis Trujillo Lopez\Downloads\frontend-arual\npm-cache\_logs\2026-01-27T18_19_54_319Z-
10 verbose logfile C:\Users\Luis Trujillo Lopez\Downloads\frontend-arual\npm-cache\_logs\2026-01-27T18_19_54_319Z-debug-0.log
11 silly logfile start cleaning logs, removing 1 files
12 silly logfile done cleaning log files
13 verbose cwd C:\Users\Luis Trujillo Lopez\Downloads\frontend-arual
14 verbose os Windows_NT 10.0.26200
15 verbose node v22.11.0
16 verbose npm  v11.5.2
17 verbose exit 1
18 verbose code 1
19 error A complete log of this run can be found in: C:\Users\Luis Trujillo Lopez\Downloads\frontend-arual\npm-cache\_logs\2026-01-27T18_19_54_319Z-debug-0.log
